124
1 17
1 18
2 7
2 8
2 10
2 11
3 1
3 7
3 9
3 12
3 13
4 1
4 18
5 11
5 15
5 18
5 21
6 7
6 11
7 1
7 2
7 11
7 14
8 1
8 7
8 8
8 14
8 16
8 22
9 1
9 7
10 6
10 10
11 5
11 10
11 11
11 12
11 13
11 20
12 4
12 8
12 9
12 21
13 8
14 8
14 15
15 8
15 19
16 1
16 12
16 22
17 7
17 8
19 2
19 10
20 14
20 18
22 3
22 13
22 17
22 20
23 18
23 21
24 9
25 3
25 6
25 8
25 16
25 19
26 18
27 6
27 7
27 10
27 15
27 18
28 5
28 10
28 17
29 3
29 22
30 9
30 16
31 2
31 16
31 20
33 10
33 14
34 13
34 18
34 20
35 16
36 1
36 2
37 6
38 4
38 5
39 1
40 4
41 11
41 12
41 13
42 1
42 2
42 3
42 11
42 14
42 18
42 19
43 9
43 10
43 12
43 19
44 2
44 17
45 5
45 6
45 7
45 8
45 15
45 16
46 6
46 15
47 6
47 13
